{
  "stats": {
    "suites": 1,
    "tests": 1,
    "passes": 1,
    "pending": 0,
    "failures": 0,
    "start": "2024-10-14T13:32:27.389Z",
    "end": "2024-10-14T13:32:34.886Z",
    "duration": 7497,
    "testsRegistered": 1,
    "passPercent": 100,
    "pendingPercent": 0,
    "other": 0,
    "hasOther": false,
    "skipped": 0,
    "hasSkipped": false
  },
  "results": [
    {
      "uuid": "d1002fc9-fc43-48c8-b25e-d2d7d1f6ae2f",
      "title": "",
      "fullFile": "/home/adrian/job/projects/StudyBuddy/test/extensionUserAccessTest.js",
      "file": "/test/extensionUserAccessTest.js",
      "beforeHooks": [],
      "afterHooks": [],
      "tests": [],
      "suites": [
        {
          "uuid": "23eac883-62e5-4b5b-b60e-25e77a25fedb",
          "title": "Validate user access",
          "fullFile": "/home/adrian/job/projects/StudyBuddy/test/extensionUserAccessTest.js",
          "file": "/test/extensionUserAccessTest.js",
          "beforeHooks": [
            {
              "title": "\"before all\" hook in \"Validate user access\"",
              "fullTitle": "Validate user access \"before all\" hook in \"Validate user access\"",
              "timedOut": false,
              "duration": 2801,
              "state": null,
              "speed": null,
              "pass": false,
              "fail": false,
              "pending": false,
              "context": null,
              "code": "let options = new chrome.Options();\noptions.addExtensions(extensionPath);\n// Launch the browser\ndriver = await new Builder()\n    .forBrowser('chrome')\n    .setChromeOptions(options)\n    .build();",
              "err": {},
              "uuid": "735382cf-514b-4ef0-94ae-22c042766b93",
              "parentUUID": "23eac883-62e5-4b5b-b60e-25e77a25fedb",
              "isHook": true,
              "skipped": false
            }
          ],
          "afterHooks": [
            {
              "title": "\"after all\" hook in \"Validate user access\"",
              "fullTitle": "Validate user access \"after all\" hook in \"Validate user access\"",
              "timedOut": false,
              "duration": 127,
              "state": null,
              "speed": null,
              "pass": false,
              "fail": false,
              "pending": false,
              "context": null,
              "code": "// Close the browser\nif (driver) {\n    await driver.quit();\n}",
              "err": {},
              "uuid": "84500552-41cc-4ab4-8fe0-9526b8c2aa09",
              "parentUUID": "23eac883-62e5-4b5b-b60e-25e77a25fedb",
              "isHook": true,
              "skipped": false
            }
          ],
          "tests": [
            {
              "title": "have to log in to access all paid features",
              "fullTitle": "Validate user access have to log in to access all paid features",
              "timedOut": false,
              "duration": 4525,
              "state": "passed",
              "speed": "slow",
              "pass": true,
              "fail": false,
              "pending": false,
              "context": null,
              "code": "// navigate to the url    \n            driver.get('chrome-extension://ehaanimekcjndnhnkojcckjcgalkfgee/popup.html');\n            //Onbording Next button\n            let onboardingPage = new OnbordingPage(driver);\n            await onboardingPage.ClickAcceptOnbording();    \n            await onboardingPage.ClickButtonNoThanksTurbo();\n            // Validate\n            await onboardingPage.isShownTheLoginButton();",
              "err": {},
              "uuid": "a80e76de-0992-4ef0-b34d-a3fc0cf76bab",
              "parentUUID": "23eac883-62e5-4b5b-b60e-25e77a25fedb",
              "isHook": false,
              "skipped": false
            }
          ],
          "suites": [],
          "passes": [
            "a80e76de-0992-4ef0-b34d-a3fc0cf76bab"
          ],
          "failures": [],
          "pending": [],
          "skipped": [],
          "duration": 4525,
          "root": false,
          "rootEmpty": false,
          "_timeout": 30000
        }
      ],
      "passes": [],
      "failures": [],
      "pending": [],
      "skipped": [],
      "duration": 0,
      "root": true,
      "rootEmpty": true,
      "_timeout": 0
    }
  ],
  "meta": {
    "mocha": {
      "version": "10.7.3"
    },
    "mochawesome": {
      "options": {
        "quiet": false,
        "reportFilename": "mochawesome",
        "saveHtml": true,
        "saveJson": true,
        "consoleReporter": "spec",
        "useInlineDiffs": false,
        "code": true
      },
      "version": "7.1.3"
    },
    "marge": {
      "options": null,
      "version": "6.2.0"
    }
  }
}